{"/home/ericw/MyTypeScript/src/index.ts": {"path":"/home/ericw/MyTypeScript/src/index.ts","statementMap":{"0":{"start":{"line":1,"column":0},"end":{"line":1,"column":23}},"1":{"start":{"line":2,"column":0},"end":{"line":2,"column":24}}},"fnMap":{},"branchMap":{},"s":{"0":1,"1":1},"f":{},"b":{}}
,"/home/ericw/MyTypeScript/src/core/functions.ts": {"path":"/home/ericw/MyTypeScript/src/core/functions.ts","statementMap":{"0":{"start":{"line":2,"column":0},"end":{"line":2,"column":39}},"1":{"start":{"line":5,"column":4},"end":{"line":29,"column":null}},"2":{"start":{"line":7,"column":12},"end":{"line":7,"column":30}},"3":{"start":{"line":10,"column":12},"end":{"line":23,"column":null}},"4":{"start":{"line":12,"column":20},"end":{"line":12,"column":70}},"5":{"start":{"line":14,"column":20},"end":{"line":14,"column":70}},"6":{"start":{"line":16,"column":20},"end":{"line":16,"column":70}},"7":{"start":{"line":18,"column":20},"end":{"line":18,"column":70}},"8":{"start":{"line":4,"column":0},"end":{"line":4,"column":16}}},"fnMap":{"0":{"name":"evaluate","decl":{"start":{"line":4,"column":16},"end":{"line":4,"column":24}},"loc":{"start":{"line":4,"column":41},"end":{"line":30,"column":1}}}},"branchMap":{"0":{"loc":{"start":{"line":5,"column":4},"end":{"line":29,"column":null}},"type":"switch","locations":[{"start":{"line":6,"column":8},"end":{"line":8,"column":null}},{"start":{"line":9,"column":8},"end":{"line":24,"column":null}}]},"1":{"loc":{"start":{"line":10,"column":12},"end":{"line":23,"column":null}},"type":"switch","locations":[{"start":{"line":11,"column":16},"end":{"line":12,"column":70}},{"start":{"line":13,"column":16},"end":{"line":14,"column":70}},{"start":{"line":15,"column":16},"end":{"line":16,"column":70}},{"start":{"line":17,"column":16},"end":{"line":18,"column":70}}]}},"s":{"0":1,"1":13,"2":9,"3":4,"4":1,"5":1,"6":1,"7":1,"8":1},"f":{"0":13},"b":{"0":[9,4],"1":[1,1,1,1]}}
,"/home/ericw/MyTypeScript/src/core/index.ts": {"path":"/home/ericw/MyTypeScript/src/core/index.ts","statementMap":{"0":{"start":{"line":1,"column":0},"end":{"line":1,"column":24}},"1":{"start":{"line":2,"column":0},"end":{"line":2,"column":28}}},"fnMap":{},"branchMap":{},"s":{"0":1,"1":1},"f":{},"b":{}}
,"/home/ericw/MyTypeScript/src/utils/checks.ts": {"path":"/home/ericw/MyTypeScript/src/utils/checks.ts","statementMap":{"0":{"start":{"line":2,"column":0},"end":{"line":2,"column":16}}},"fnMap":{},"branchMap":{},"s":{"0":1},"f":{},"b":{}}
,"/home/ericw/MyTypeScript/src/utils/index.ts": {"path":"/home/ericw/MyTypeScript/src/utils/index.ts","statementMap":{"0":{"start":{"line":1,"column":0},"end":{"line":1,"column":25}}},"fnMap":{},"branchMap":{},"s":{"0":1},"f":{},"b":{}}
}
