TN:
SF:src/index.ts
FNF:0
FNH:0
DA:1,1
DA:2,1
LF:2
LH:2
BRF:0
BRH:0
end_of_record
TN:
SF:src/core/functions.ts
FN:4,evaluate
FNF:1
FNH:1
FNDA:13,evaluate
DA:2,1
DA:4,1
DA:5,13
DA:7,9
DA:10,4
DA:12,1
DA:14,1
DA:16,1
DA:18,1
LF:9
LH:9
BRDA:5,0,0,9
BRDA:5,0,1,4
BRDA:10,1,0,1
BRDA:10,1,1,1
BRDA:10,1,2,1
BRDA:10,1,3,1
BRF:6
BRH:6
end_of_record
TN:
SF:src/core/index.ts
FNF:0
FNH:0
DA:1,1
DA:2,1
LF:2
LH:2
BRF:0
BRH:0
end_of_record
TN:
SF:src/utils/checks.ts
FNF:0
FNH:0
DA:2,1
LF:1
LH:1
BRF:0
BRH:0
end_of_record
TN:
SF:src/utils/index.ts
FNF:0
FNH:0
DA:1,1
LF:1
LH:1
BRF:0
BRH:0
end_of_record
